15 17 1
17 18 2
18 20 1
20 29 3
29 30 5
30 35 6
35 40 5
40 47 4
47 48 6
48 50 2
53 55 7
55 62 8
70 72 9
78 82 10
87 90 11
101 103 12
113 122 13
134 136 14
136 138 15
138 143 16
143 145 14
153 160 17
164 168 18
168 170 19
170 171 18
171 172 19
172 173 18
173 174 19
174 175 18
175 176 19
176 177 18
177 180 19
180 182 20
182 189 21
189 198 22
241 248 23
259 260 24
290 291 25
307 310 26
310 312 27
319 320 28
320 324 29
324 325 30
325 326 29
326 327 30
327 328 29
328 329 30
329 330 29
330 331 30
331 332 29
332 333 30
333 334 29
334 335 30
335 336 28
336 337 32
337 338 28
338 339 31
339 340 32
340 341 28
341 342 31
342 346 28
346 349 33
349 351 32
351 352 31
356 357 34
357 363 35
363 364 36
364 365 35
365 366 36
366 367 34
367 368 35
368 369 36
369 370 34
370 371 36
371 372 34
372 375 37
375 376 36
376 377 37
377 378 34
378 379 36
379 380 34
380 381 36
381 383 34
383 389 38
389 390 39
390 391 38
391 392 39
392 393 38
393 398 40
398 399 36
408 415 41
415 418 42
432 433 43
437 444 44
454 461 45
464 467 46
467 472 47
472 473 48
473 474 47
474 475 48
475 476 47
476 477 48
477 478 47
478 479 48
479 480 46
480 481 47
481 482 46
482 483 49
483 484 46
484 485 49
485 486 46
486 487 49
487 488 46
488 489 49
489 490 46
490 491 49
491 499 50
499 500 51
500 501 52
501 505 51
522 524 53
527 528 54
528 531 55
531 532 54
532 537 56
539 546 57
546 548 58
548 549 59
549 551 61
551 552 58
552 553 59
553 556 58
556 557 60
585 591 62
602 606 63
606 607 64
607 609 63
632 637 65
639 647 66
665 671 67
671 672 68
672 673 69
673 676 68
676 677 67
677 678 68
678 680 67
680 683 68
704 713 70
713 718 71
718 723 72
723 724 71
724 725 72
725 726 71
726 727 72
727 728 71
728 730 72
738 742 73
742 746 75
746 747 73
747 753 74
753 758 76
758 760 77
763 764 78
771 772 79
796 799 80
799 802 81
802 803 80
803 804 81
804 805 80
805 806 81
806 807 80
807 808 82
810 811 83
851 857 84
875 877 85
896 901 86
916 919 88
919 926 87
930 936 89
948 952 90
956 958 91
958 963 92
963 967 91
970 974 93
976 979 94
981 983 95
993 1002 96
1007 1011 97
1011 1017 98
1017 1018 100
1018 1019 98
1019 1024 99
1038 1043 101
1045 1047 102
1047 1051 103
1051 1052 102
1052 1053 103
1053 1054 102
1054 1059 104
1086 1095 105
1110 1113 106
1121 1124 107
1124 1125 108
1125 1127 107
1127 1128 109
1128 1129 107
1129 1130 109
1130 1131 107
1131 1137 109
1147 1149 110
1158 1166 111
1166 1167 112
1167 1171 113
1171 1173 114
1180 1189 115
1197 1201 116
1205 1210 117
1210 1211 119
1211 1212 120
1212 1213 119
1213 1214 120
1214 1215 119
1215 1216 120
1216 1217 119
1217 1218 120
1218 1219 119
1219 1220 120
1220 1221 119
1221 1222 120
1222 1223 119
1223 1224 120
1224 1225 117
1225 1226 119
1226 1227 121
1227 1230 122
1230 1233 123
1233 1234 124
1234 1235 123
1235 1236 124
1236 1237 123
1237 1240 124
1240 1241 118
1241 1242 125
1242 1248 118
1248 1256 126
1256 1258 118
1258 1260 117
1263 1271 127
1271 1274 129
1274 1275 128
1275 1276 127
1276 1282 128
1283 1286 130
1288 1294 131
1316 1319 132
1332 1335 133
1336 1340 134
1347 1352 135
1354 1355 136
1355 1356 137
1356 1357 138
1357 1359 137
1359 1365 136
1365 1369 139
1387 1391 140
1392 1396 141
1398 1400 142
1400 1408 143
1427 1436 144
1437 1438 145
1440 1441 146
1446 1452 147
1452 1459 148
1459 1460 149
1460 1461 148
1461 1465 149
1469 1475 150
1481 1482 151
1503 1504 152
1505 1513 153
1519 1527 154
1549 1556 155
1556 1565 156
1565 1570 157
1590 1599 158
1599 1600 159
1601 1604 160
1616 1622 161
1622 1626 163
1626 1627 162
1627 1628 163
1628 1629 162
1629 1630 161
1630 1631 163
1631 1632 162
1632 1633 161
1633 1634 163
1634 1635 161
1635 1636 163
1636 1643 164
1643 1646 165
1646 1648 166
1648 1652 167
1652 1653 171
1653 1654 169
1654 1655 167
1655 1656 169
1656 1657 167
1657 1660 169
1660 1661 168
1661 1662 172
1662 1663 168
1663 1664 170
1664 1665 172
1665 1666 168
1666 1667 170
1667 1668 168
1668 1669 170
1669 1670 168
1670 1671 170
1671 1672 168
1672 1673 170
1673 1676 168
1676 1683 173
1683 1684 175
1684 1685 173
1685 1686 175
1686 1687 173
1687 1689 175
1689 1690 174
1706 1708 176
1708 1715 177
1715 1719 176
1719 1721 178
1721 1722 176
1722 1725 179
1725 1727 176
1747 1750 180
1752 1754 181
1763 1764 182
1780 1784 183
1784 1785 184
1785 1786 183
1786 1787 184
1787 1789 183
1789 1791 186
1791 1800 185
1800 1802 184
1802 1809 187
1809 1810 184
1811 1813 188
1813 1821 189
1821 1822 188
1822 1823 190
1823 1824 188
1824 1825 190
1825 1826 188
1826 1827 190
1827 1828 188
1828 1830 190
1842 1850 191
1850 1856 192
1856 1860 193
1870 1877 194
1877 1882 196
1882 1883 195
1883 1884 194
1884 1885 195
1885 1886 194
1886 1888 195
1888 1889 197
1889 1890 195
1890 1891 197
1891 1892 195
1892 1893 197
1893 1894 195
1894 1895 197
1895 1896 195
1896 1897 197
1897 1898 195
1898 1902 197
1902 1904 198
1904 1905 199
1905 1906 201
1906 1909 199
1909 1910 200
1910 1911 199
1911 1912 200
1912 1914 199
1914 1919 202
1919 1925 200
1928 1935 203
1942 1951 204
1962 1967 205
1967 1968 206
1968 1969 205
1969 1973 207
1973 1974 206
1974 1975 207
1975 1977 208
1977 1978 209
1978 1979 206
1979 1980 208
1980 1981 209
1981 1982 206
1982 1983 208
1983 1984 209
1984 1985 206
1985 1986 208
1986 1987 209
1987 1988 208
1988 1992 209
1992 1996 210
2001 2005 212
2005 2008 211
2019 2026 213
2043 2052 214
2081 2082 215
2082 2085 216
2085 2086 215
2086 2087 217
2087 2088 215
2088 2094 218
2094 2095 217
2095 2096 215
2109 2112 219
2122 2127 220
2127 2130 221
2130 2131 220
2131 2132 221
2132 2133 220
2133 2134 221
2134 2136 220
2136 2143 222
2159 2167 223
2167 2168 224
2168 2169 223
2169 2170 224
2170 2174 225
2174 2180 226
2196 2201 227
2205 2211 228
2211 2212 229
2212 2214 228
2270 2273 230
2292 2301 231
2302 2305 232
2305 2306 233
2306 2314 234
2314 2318 233
2348 2350 235
2370 2375 236
2376 2377 237
2377 2379 238
2379 2380 237
2380 2381 238
2381 2382 237
2382 2383 238
2383 2384 237
2384 2385 238
2385 2386 237
2386 2387 238
2387 2391 237
2395 2397 239
2400 2406 240
2406 2407 241
2407 2408 240
2468 2476 242
2479 2483 243
2483 2485 244
2485 2486 245
2494 2496 246
2496 2497 247
2497 2499 246
2528 2536 248
2563 2565 249
2565 2574 250
2574 2576 249
2576 2582 251
2583 2590 253
2590 2593 252
2622 2623 254
2626 2628 255
2638 2646 256
2658 2659 257
2665 2672 258
2672 2675 259
2675 2677 258
2689 2691 260
2691 2692 261
2694 2697 262
2697 2699 265
2699 2700 262
2700 2701 263
2701 2702 262
2702 2703 263
2703 2704 262
2704 2705 263
2705 2707 266
2707 2708 264
2708 2709 266
2709 2710 262
2710 2711 266
2711 2712 263
2712 2714 264
2714 2715 266
2715 2719 264
2719 2721 268
2721 2722 267
2722 2725 268
2733 2739 269
2739 2740 270
2745 2746 271
2755 2758 272
2758 2767 273
2772 2776 274
2776 2785 276
2785 2786 275
2786 2787 274
2787 2792 275
2793 2795 277
2809 2812 278
2847 2855 279
2863 2867 280
2867 2872 281
2907 2914 282
2914 2915 283
2915 2919 284
2919 2923 283
2930 2938 285
2938 2942 286
2977 2978 287
2978 2979 288
2979 2981 287
2995 2997 289
2997 2998 290
2998 2999 289
2999 3000 290
3000 3001 289
3001 3002 290
3002 3003 289
3003 3004 290
3004 3006 289
3029 3033 291
3041 3044 292
3062 3066 293
3066 3071 294
3075 3083 295
3103 3108 296
3108 3117 297
3138 3142 298
3157 3158 299
3164 3169 302
3169 3170 301
3170 3171 302
3171 3172 301
3172 3173 302
3173 3174 301
3174 3175 302
3175 3176 303
3176 3177 301
3177 3178 302
3178 3179 300
3179 3180 305
3180 3181 303
3181 3182 305
3182 3183 301
3183 3184 305
3184 3191 304
3191 3195 306
3195 3197 307
3197 3199 304
3199 3203 303
3203 3204 300
3204 3210 308
3210 3211 300
3211 3213 309
3213 3215 300
3229 3238 310
3245 3253 311
3273 3275 312
3286 3289 314
3289 3296 313
3300 3307 315
3317 3319 316
3327 3333 317
3333 3336 319
3336 3337 318
3337 3338 317
3338 3339 318
3339 3340 317
3340 3347 318
3351 3352 321
3352 3353 323
3353 3355 322
3355 3359 325
3359 3360 320
3360 3361 321
3361 3362 325
3362 3363 320
3363 3364 321
3364 3365 324
3365 3366 325
3366 3367 320
3367 3368 321
3368 3369 324
3369 3370 326
3370 3371 320
3371 3375 321
3375 3376 326
3376 3378 324
3378 3379 320
3379 3383 327
3383 3384 320
3384 3386 328
3386 3389 320
3400 3409 329
3437 3438 330
3438 3441 331
3450 3452 332
3458 3464 333
3480 3481 334
3492 3494 335
3497 3502 336
3507 3509 337
3522 3527 338
3532 3541 339
3553 3560 340
3568 3577 341
3577 3583 342
3592 3597 343
3613 3614 345
3614 3619 344
3626 3633 346
3633 3635 347
3645 3647 348
3650 3653 349
3655 3658 350
3672 3678 351
3678 3682 352
3708 3713 353
3713 3719 354
3719 3726 355
3726 3730 353
3730 3738 356
3746 3753 357
3802 3810 359
3810 3811 358
3821 3825 360
3825 3827 361
3827 3828 362
3828 3829 361
3829 3830 362
3830 3831 361
3831 3832 362
3832 3833 361
3833 3834 362
3834 3836 363
3839 3844 364
3852 3853 365
3853 3854 366
3854 3855 365
3855 3858 366
3862 3866 367
3872 3878 368
3878 3879 369
3892 3895 370
3895 3897 371
3897 3899 372
3900 3901 373
3905 3910 374
3926 3929 375
3929 3930 376
3930 3935 377
3935 3943 376
3952 3960 378
3960 3965 379
3982 3988 380
3995 4002 381
4002 4008 382
4022 4029 384
4029 4030 386
4030 4031 388
4031 4032 384
4032 4033 388
4033 4040 386
4040 4048 383
4048 4049 391
4049 4050 389
4050 4051 391
4051 4054 389
4054 4055 395
4055 4056 393
4056 4065 394
4065 4070 392
4070 4078 396
4078 4080 397
4080 4081 396
4081 4083 392
4083 4088 390
4088 4089 389
4089 4096 398
4096 4097 400
4097 4099 398
4099 4102 399
4102 4105 387
4105 4107 385
4107 4114 401
4114 4120 385
4120 4121 384
4121 4124 402
4144 4148 403
4151 4154 405
4154 4161 404
4178 4185 406
4217 4221 407
4228 4231 408
4231 4240 409
4254 4262 410
4277 4282 411
4293 4294 412
4313 4317 413
4317 4318 414
4318 4323 413
4330 4331 416
4331 4336 415
4337 4338 418
4338 4345 419
4345 4348 418
4348 4349 417
4349 4350 418
4350 4355 417
4355 4361 420
4367 4373 421
4381 4384 422
4384 4385 423
4385 4386 422
4386 4387 423
4387 4388 422
4388 4389 423
4389 4392 422
4392 4393 424
4396 4398 425
4398 4402 426
4402 4408 429
4408 4409 426
4409 4410 427
4410 4411 428
4411 4412 426
4412 4413 427
4413 4414 428
4414 4417 427
4417 4419 430
4419 4425 428
4446 4450 431
4450 4451 432
4451 4452 431
4452 4453 432
4453 4454 431
4454 4455 432
4455 4456 431
4456 4457 432
4457 4458 431
4458 4462 432
4462 4470 433
4475 4476 434
4476 4477 435
4477 4479 436
4479 4482 435
4495 4502 437
4503 4504 438
4507 4508 439
4511 4515 440
4540 4543 441
4543 4545 443
4545 4547 442
4547 4551 444
4551 4553 445
4553 4556 444
4572 4576 446
4600 4605 447
4605 4608 448
4608 4610 449
4610 4611 448
4611 4615 449
4615 4619 451
4619 4620 449
4620 4621 450
4621 4622 449
4622 4623 450
4623 4624 449
4624 4630 450
4630 4631 452
4631 4632 453
4632 4633 452
4633 4634 453
4634 4641 452
4642 4646 454
4646 4647 455
4647 4650 454
4651 4652 456
4652 4658 457
4658 4660 458
4660 4661 456
4661 4666 460
4666 4667 461
4667 4668 460
4668 4669 458
4669 4670 456
4670 4671 458
4671 4675 456
4675 4679 459
4679 4683 458
4690 4694 462
4694 4696 463
4696 4697 462
4722 4723 464
4723 4725 465
4725 4726 464
4726 4729 465
4762 4767 466
4770 4778 467
4803 4805 468
4829 4831 469
4831 4836 470
4836 4837 469
4839 4841 471
4843 4846 472
4846 4850 473
4850 4852 472
4852 4854 474
4854 4857 472
4857 4859 475
4859 4860 476
4860 4861 475
4861 4862 476
4862 4863 475
4863 4864 476
4864 4865 475
4865 4866 476
4866 4869 475
4869 4872 477
4872 4873 479
4873 4875 480
4875 4876 479
4876 4877 480
4877 4886 478
4898 4900 481
4905 4906 482
4906 4911 483
4911 4919 482
4930 4934 484
4937 4938 485
4942 4945 486
4962 4965 487
4965 4970 488
4970 4971 490
4971 4972 488
4972 4977 490
4977 4986 489
4988 4989 491
4989 4994 492
4994 4998 493
4998 5002 494
5002 5003 493
5003 5004 494
5004 5005 493
5018 5027 495
5031 5040 496
5042 5050 497
5050 5051 498
5051 5052 497
5052 5056 498
5056 5062 499
5066 5072 500
5072 5075 501
5075 5077 502
5092 5094 503
5094 5097 504
5097 5102 503
5177 5184 505
5184 5193 506
5197 5201 507
5201 5203 508
5203 5204 509
5204 5205 508
5205 5206 509
5206 5207 508
5207 5208 509
5208 5209 508
5209 5210 509
5210 5211 508
5211 5212 509
5212 5213 508
5213 5214 509
5214 5215 508
5215 5216 509
5216 5219 510
5219 5222 511
5225 5232 512
5232 5239 513
5239 5243 514
5243 5244 513
5244 5245 515
5245 5246 513
5246 5252 515
5252 5261 516
5261 5268 517
5282 5284 519
5284 5291 520
5291 5294 519
5294 5295 518
5295 5296 519
5296 5297 518
5297 5298 519
5298 5299 518
5299 5300 519
5300 5306 518
5307 5316 521
5333 5338 522
5340 5341 523
5343 5345 524
5350 5356 525
5361 5365 526
5366 5367 527
5367 5369 528
5369 5371 529
5371 5372 531
5372 5373 529
5373 5374 531
5374 5375 529
5375 5376 531
5376 5377 529
5377 5378 531
5378 5380 529
5380 5381 527
5381 5382 532
5382 5383 530
5383 5384 532
5384 5385 530
5385 5386 532
5386 5387 530
5387 5389 532
5389 5390 533
5390 5391 535
5391 5392 534
5392 5395 535
5395 5398 534
5398 5401 536
5401 5403 534
5403 5406 537
5406 5409 534
5409 5417 533
5417 5418 530
5418 5423 538
5423 5426 530
5426 5427 540
5427 5433 539
5433 5436 542
5436 5441 541
5441 5442 530
5442 5451 543
5451 5452 530
5452 5453 529
5464 5468 544
5468 5471 545
5494 5503 546
5504 5513 547
5519 5523 548
5523 5525 550
5525 5526 548
5526 5527 550
5527 5530 548
5530 5531 549
5531 5532 548
5532 5539 549
5539 5540 551
5540 5541 549
5541 5548 551
5548 5556 552
5561 5565 553
5565 5566 554
5566 5568 555
5568 5569 554
5569 5570 555
5570 5571 554
5571 5572 555
5572 5574 554
5574 5575 553
5575 5576 554
5576 5579 556
5579 5582 559
5582 5591 558
5591 5593 557
5593 5599 559
5599 5603 560
5627 5629 561
5633 5635 562
5655 5663 563
5696 5701 564
5701 5702 565
5702 5705 564
5705 5706 566
5706 5707 564
5707 5714 566
5724 5732 567
5736 5741 568
5742 5749 569
5764 5768 570
5768 5775 571
5775 5783 572
5794 5796 573
5799 5803 574
5804 5805 575
5806 5809 576
5841 5843 577
5851 5853 578
5853 5854 579
5894 5898 580
5898 5899 581
5899 5900 580
5900 5901 581
5901 5902 580
5902 5909 581
5909 5918 582
5927 5933 583
5934 5940 584
5941 5946 585
5947 5955 586
5990 5994 587
6026 6033 588
6033 6036 589
6036 6044 590
6044 6045 589
6045 6046 590
6046 6048 589
6069 6074 591
6084 6087 592
6095 6096 593
6100 6108 594
6114 6120 595
6125 6126 596
6126 6129 597
6129 6132 596
6132 6134 598
6134 6137 596
6160 6163 599
6172 6174 600
6180 6187 601
6208 6213 602
6217 6222 603
6226 6227 604
6229 6235 606
6235 6236 605
6247 6251 607
6251 6252 608
6252 6257 607
6258 6261 609
6261 6262 610
6273 6277 611
6316 6322 612
6328 6330 613
6330 6339 614
6340 6348 615
6350 6358 616
6377 6386 617
6390 6391 618
6391 6395 619
6395 6403 618
6417 6424 620
6426 6427 621
6440 6446 622
6446 6448 623
6448 6451 624
6451 6455 623
6462 6465 625
6487 6492 626
6492 6493 627
6493 6494 626
6494 6495 627
6495 6496 626
6496 6498 627
6498 6504 629
6504 6505 627
6505 6506 628
6507 6511 630
6515 6523 631
6537 6542 632
6549 6554 633
6554 6558 634
6558 6561 635
6561 6563 634
6563 6564 633
6564 6565 634
6586 6595 636
6600 6609 637
6619 6628 638
6638 6641 639
6654 6660 640
6660 6664 641
6683 6692 642
6703 6710 643
6710 6711 644
6717 6720 645
6720 6721 646
6721 6725 647
6737 6738 648
6763 6768 649
6768 6769 650
6769 6770 649
6770 6773 650
6773 6777 651
6777 6778 652
6778 6779 651
6779 6780 652
6780 6781 653
6781 6782 651
6782 6783 652
6783 6786 651
6786 6795 654
6795 6799 655
6799 6804 653
6804 6806 652
6806 6810 656
6810 6814 657
6814 6820 658
6820 6822 652
6828 6829 659
6846 6848 660
6857 6859 661
6860 6867 662
6867 6872 663
6872 6876 664
6876 6879 663
6887 6891 665
6891 6897 666
6897 6899 667
6899 6901 665
6905 6911 668
6912 6916 669
6921 6925 670
6925 6928 671
6929 6936 672
6940 6943 673
6943 6952 674
6952 6955 673
6960 6961 675
6962 6965 676
6986 6987 677
6987 6995 678
6995 7000 677
7000 7001 680
7001 7004 677
7004 7012 679
7012 7014 680
7027 7028 681
7043 7044 682
7060 7061 683
7067 7075 684
7075 7080 685
7103 7106 688
7106 7107 687
7107 7108 688
7108 7109 687
7109 7110 688
7110 7111 687
7111 7112 688
7112 7113 687
7113 7114 688
7114 7116 687
7116 7123 686
7123 7124 689
7125 7127 690
7127 7130 691
7130 7137 690
7137 7141 692
7159 7160 693
7160 7163 694
7163 7169 695
7169 7170 694
7170 7171 695
7171 7174 694
7174 7176 695
7179 7187 696
7187 7192 697
7202 7203 698
7203 7204 699
7204 7207 698
7209 7212 700
7215 7216 701
7229 7234 702
7243 7246 704
7246 7247 703
7247 7248 704
7248 7249 703
7249 7250 704
7250 7251 703
7251 7252 704
7252 7253 703
7253 7257 705
7261 7269 706
7269 7272 707
7272 7273 706
7273 7278 707
7279 7282 708
7282 7284 709
7284 7288 708
7295 7303 710
7307 7313 711
7336 7338 712
7338 7342 713
7342 7343 712
7343 7348 713
7353 7358 714
7373 7381 715
7382 7387 716
7392 7395 717
7408 7415 718
7417 7424 719
7428 7435 720
7439 7448 721
7467 7470 722
7470 7475 723
7475 7479 722
7485 7491 724
7491 7500 725
7500 7503 726
7503 7504 727
7516 7522 728
7522 7527 729
7536 7538 730
7543 7548 731
7548 7557 733
7557 7565 732
7565 7567 731
7574 7580 734
7588 7591 735
7591 7592 736
7592 7600 737
7610 7612 738
7619 7624 740
7624 7625 739
7625 7626 740
7626 7627 739
7627 7628 740
7628 7633 739
7652 7654 741
7668 7673 742
7675 7683 743
7707 7709 744
7734 7743 745
7743 7749 746
7752 7754 747
7754 7755 748
7755 7756 747
7756 7757 748
7757 7758 747
7758 7761 749
7761 7762 750
7762 7763 749
7763 7766 750
7766 7773 748
7773 7779 751
7791 7793 752
7794 7797 753
7797 7801 754
7801 7802 756
7802 7804 759
7804 7805 757
7805 7806 760
7806 7807 754
7807 7812 761
7812 7813 759
7813 7814 761
7814 7815 756
7815 7819 753
7819 7820 762
7820 7823 759
7823 7824 758
7824 7825 763
7825 7830 764
7830 7834 765
7834 7835 764
7835 7836 765
7836 7837 764
7837 7841 767
7841 7844 765
7844 7845 766
7845 7846 765
7846 7853 766
7853 7855 768
7855 7856 769
7856 7857 768
7857 7858 769
7858 7862 768
7862 7864 758
7864 7869 770
7869 7871 758
7871 7875 757
7875 7877 771
7877 7878 772
7878 7879 771
7879 7880 772
7880 7881 771
7881 7882 772
7882 7884 771
7884 7888 773
7888 7891 774
7891 7900 777
7900 7902 776
7902 7909 775
7909 7912 778
7912 7917 772
7917 7918 757
7918 7921 756
7921 7924 755
7924 7925 779
7925 7929 780
7929 7930 781
7930 7932 780
7932 7936 755
7936 7937 754
7939 7943 782
7954 7962 783
7988 7991 784
7993 7998 785
8006 8007 786
8012 8015 787
8020 8023 788
8025 8027 789
8030 8034 790
8036 8038 792
8038 8039 791
8039 8040 792
8040 8041 791
8041 8042 792
8042 8043 793
8043 8044 791
8044 8045 792
8045 8047 791
8047 8049 794
8049 8051 793
8051 8060 795
8060 8064 793
8064 8065 792
8065 8068 796
8071 8080 797
8094 8097 798
8109 8116 799
8116 8117 800
8117 8118 799
8120 8125 801
8125 8127 803
8127 8130 802
8130 8138 805
8138 8139 802
8139 8141 804
8141 8144 806
8144 8145 804
8151 8153 807
8153 8156 808
8156 8160 807
8171 8176 809
8184 8189 810
8189 8191 811
8191 8193 813
8193 8194 810
8194 8195 813
8195 8196 811
8196 8202 813
8202 8211 812
8211 8220 815
8220 8227 817
8227 8234 816
8234 8240 814
8240 8244 811
8268 8275 818
8275 8280 819
8284 8290 820
8292 8296 821
8296 8297 822
8297 8298 821
8298 8299 822
8299 8300 821
8300 8301 822
8301 8302 821
8302 8308 822
8312 8320 823
8322 8329 825
8329 8330 824
8330 8331 826
8331 8335 827
8335 8338 826
8350 8357 828
8370 8376 829
8376 8381 831
8381 8386 830
8395 8397 832
8399 8408 833
8408 8409 834
8409 8417 835
8424 8428 836
8431 8434 837
8452 8461 838
8463 8465 839
8487 8490 840
8490 8492 841
8497 8498 842
8506 8511 843
8518 8524 844
8529 8531 845
8532 8537 846
8553 8556 847
8556 8559 848
8559 8563 847
8564 8565 849
8565 8567 850
8567 8568 849
8568 8569 850
8569 8574 849
8598 8600 851
8600 8601 852
8601 8608 851
8613 8615 853
8615 8617 854
8617 8618 856
8618 8619 853
8619 8620 854
8620 8621 856
8621 8622 853
8622 8623 854
8623 8624 856
8624 8625 853
8625 8626 854
8626 8627 856
8627 8628 853
8628 8629 854
8629 8630 856
8630 8632 853
8632 8636 855
8636 8644 857
8644 8647 854
8649 8650 858
8657 8665 859
8665 8672 860
8672 8674 861
8698 8706 862
8706 8708 863
8708 8709 864
8720 8725 865
8739 8745 866
8747 8748 867
8748 8751 868
8751 8753 869
8753 8754 867
8754 8755 869
8755 8756 867
8756 8757 869
8757 8758 867
8758 8759 869
8759 8760 867
8760 8761 869
8761 8763 870
8763 8765 869
8778 8784 871
8784 8791 872
8793 8800 873
8800 8801 874
8801 8802 873
8802 8803 874
8803 8804 873
8804 8805 874
8829 8833 875
8833 8834 876
8834 8835 875
8835 8836 876
8836 8837 875
8837 8838 876
8838 8839 875
8839 8843 876
8857 8858 877
8858 8859 878
8859 8860 877
8860 8866 879
8866 8868 877
8868 8872 880
8872 8876 881
8876 8881 882
8886 8895 883
8900 8905 884
8905 8906 885
8906 8907 884
8907 8908 885
8908 8909 884
8909 8912 886
8912 8913 885
8919 8924 887
8940 8949 888
8949 8957 889
8957 8962 890
8978 8980 891
8980 8983 892
8987 8988 893
8989 8990 894
8999 9005 895
9027 9031 896
9040 9046 897
9058 9059 898
9059 9067 900
9067 9075 898
9075 9079 899
9079 9080 901
9085 9093 902
9105 9109 903
9109 9114 904
9114 9122 905
9135 9136 906
9145 9146 907
9146 9147 908
9147 9148 907
9148 9149 909
9149 9150 908
9150 9151 907
9151 9152 908
9152 9153 907
9153 9154 908
9154 9155 907
9155 9156 908
9156 9157 907
9157 9161 908
9162 9164 910
9167 9175 911
9178 9179 912
9179 9183 913
9183 9187 914
9187 9193 912
9193 9201 915
9213 9219 916
9219 9226 917
9226 9227 916
9227 9229 917
9241 9242 918
9242 9249 919
9249 9250 918
9250 9251 919
9251 9252 918
9252 9253 919
9253 9254 920
9254 9255 918
9255 9256 920
9256 9257 918
9257 9261 920
9261 9265 921
9265 9266 922
9266 9267 921
9267 9268 922
9268 9269 921
9269 9270 924
9270 9271 921
9271 9279 923
9279 9282 926
9282 9283 923
9283 9284 926
9284 9285 925
9285 9286 926
9286 9287 925
9287 9289 927
9289 9290 928
9290 9291 927
9291 9295 928
9295 9297 924
9297 9306 929
9306 9312 930
9312 9315 931
9315 9316 933
9316 9317 931
9317 9318 933
9318 9319 934
9319 9320 931
9320 9321 933
9321 9322 931
9322 9323 933
9323 9324 931
9324 9325 933
9325 9327 932
9327 9330 936
9330 9332 937
9332 9333 936
9333 9334 937
9334 9337 938
9337 9338 935
9338 9339 941
9339 9340 937
9340 9341 941
9341 9342 938
9342 9346 935
9346 9347 942
9347 9349 943
9349 9353 941
9353 9357 940
9357 9358 944
9358 9363 939
9363 9367 945
9367 9369 939
9369 9371 938
9371 9373 937
9373 9378 924
9378 9379 922
9379 9383 946
9383 9387 922
9388 9397 947
9397 9406 948
9426 9428 949
9431 9436 951
9436 9439 950
9439 9443 952
9443 9444 950
9444 9445 952
9445 9446 950
9446 9447 952
9452 9455 953
9458 9460 954
9462 9464 955
9483 9486 956
9486 9491 957
9514 9521 958
9521 9530 959
9547 9555 960
9555 9560 961
9560 9563 962
9563 9565 961
9574 9575 963
9587 9590 964
9590 9593 965
9593 9594 964
9594 9597 965
9601 9602 967
9602 9607 968
9607 9613 967
9613 9618 969
9618 9622 970
9622 9626 969
9626 9629 966
9629 9630 971
9630 9631 972
9631 9632 971
9632 9639 972
9639 9643 973
9643 9644 974
9644 9645 973
9645 9646 974
9646 9647 975
9647 9648 973
9648 9649 974
9649 9650 975
9650 9651 973
9651 9652 974
9652 9653 975
9653 9654 973
9654 9655 975
9655 9656 973
9656 9659 975
9659 9664 976
9665 9673 977
9673 9674 978
9691 9697 979
9700 9704 981
9704 9712 980
9716 9723 982
9740 9742 983
9742 9743 984
9743 9744 983
9744 9745 984
9745 9746 983
9746 9747 984
9747 9748 983
9748 9752 984
9769 9774 985
9774 9780 986
9807 9816 987
9816 9817 988
9817 9824 989
9824 9826 990
9826 9827 988
9827 9828 990
9828 9829 988
9829 9830 990
9830 9831 991
9831 9832 988
9832 9833 990
9833 9834 991
9834 9839 988
9839 9843 990
9855 9862 992
9862 9864 993
9876 9885 994
9888 9892 995
9903 9905 996
9919 9928 997
9955 9962 998
9992 9996 999
9996 10001 1000
